<?xml version="1.0" encoding="UTF-8"?>
<!-- Generated by org.testng.reporters.JUnitXMLReporter -->
<testsuite ignored="0" hostname="DESKTOP-8TOGN61" failures="0" tests="4" name="Test" time="0.069" errors="0" timestamp="2020-12-17T21:48:32 IST">
  <testcase classname="qaclickacademy.Mavenjava.RestAPITest" name="DeleteTwitter" time="0.007"/>
  <testcase classname="qaclickacademy.Mavenjava.RestAPITest" name="PostJibra" time="0.0"/>
  <testcase classname="qaclickacademy.Mavenjava.AppiumTest" name="IOSApp" time="0.001"/>
  <testcase classname="qaclickacademy.Mavenjava.AppiumTest" name="NativeAppAndroid" time="0.0"/>
</testsuite> <!-- Test -->
