<?xml version="1.0" encoding="UTF-8"?>
<testng-results ignored="0" total="2" passed="2" failed="0" skipped="0">
  <reporter-output>
  </reporter-output>
  <suite started-at="2020-12-17T15:44:28 IST" name="Default suite" finished-at="2020-12-17T15:44:28 IST" duration-ms="150">
    <groups>
    </groups>
    <test started-at="2020-12-17T15:44:28 IST" name="Default test" finished-at="2020-12-17T15:44:28 IST" duration-ms="150">
      <class name="qaclickacademy.Mavenjava.RestAPITest">
        <test-method signature="DeleteTwitter()[pri:0, instance:qaclickacademy.Mavenjava.RestAPITest@8909f18]" started-at="2020-12-17T15:44:28 IST" name="DeleteTwitter" finished-at="2020-12-17T15:44:28 IST" duration-ms="16" status="PASS">
          <reporter-output>
          </reporter-output>
        </test-method> <!-- DeleteTwitter -->
        <test-method signature="PostJibra()[pri:0, instance:qaclickacademy.Mavenjava.RestAPITest@8909f18]" started-at="2020-12-17T15:44:28 IST" name="PostJibra" finished-at="2020-12-17T15:44:28 IST" duration-ms="15" status="PASS">
          <reporter-output>
          </reporter-output>
        </test-method> <!-- PostJibra -->
      </class> <!-- qaclickacademy.Mavenjava.RestAPITest -->
    </test> <!-- Default test -->
  </suite> <!-- Default suite -->
</testng-results>
